<?xml version="1.0" encoding="UTF-8"?>
<!-- Generated by org.testng.reporters.JUnitXMLReporter -->
<testsuite ignored="0" hostname="DESKTOP-JLT7FUG" failures="0" tests="8" name="Default test" time="0.047" errors="0" timestamp="2021-10-14T09:52:01 IST">
  <testcase classname="Lab3Test" name="testNotPrime" time="0.005"/>
  <testcase classname="Lab3Test" name="testNotPrime" time="0.0"/>
  <testcase classname="Lab3Test" name="testNotPrime" time="0.001"/>
  <testcase classname="Lab3Test" name="testNotPrime" time="0.0"/>
  <testcase classname="Lab3Test" name="testPrime" time="0.001"/>
  <testcase classname="Lab3Test" name="testPrime" time="0.0"/>
  <testcase classname="Lab3Test" name="testPrime" time="0.0"/>
  <testcase classname="Lab3Test" name="testPrime" time="0.001"/>
</testsuite> <!-- Default test -->
