<?xml version="1.0" encoding="UTF-8"?>
<testng-results ignored="0" total="12" passed="12" failed="0" skipped="0">
  <reporter-output>
  </reporter-output>
  <suite started-at="2021-10-15T13:55:36 IST" name="Default suite" finished-at="2021-10-15T13:55:36 IST" duration-ms="69">
    <groups>
    </groups>
    <test started-at="2021-10-15T13:55:36 IST" name="Default test" finished-at="2021-10-15T13:55:36 IST" duration-ms="69">
      <class name="Lab3Test">
        <test-method is-config="true" signature="beforeMethod()[pri:0, instance:Lab3Test@2f8dad04]" started-at="2021-10-15T13:55:36 IST" name="beforeMethod" finished-at="2021-10-15T13:55:36 IST" duration-ms="3" status="PASS">
          <reporter-output>
          </reporter-output>
        </test-method> <!-- beforeMethod -->
        <test-method signature="testDifference(int,int,int)[pri:0, instance:Lab3Test@2f8dad04]" started-at="2021-10-15T13:55:36 IST" name="testDifference" data-provider="CalcDiff" finished-at="2021-10-15T13:55:36 IST" duration-ms="6" status="PASS">
          <params>
            <param index="0">
              <value>
                <![CDATA[1]]>
              </value>
            </param>
            <param index="1">
              <value>
                <![CDATA[7]]>
              </value>
            </param>
            <param index="2">
              <value>
                <![CDATA[4]]>
              </value>
            </param>
          </params>
          <reporter-output>
          </reporter-output>
        </test-method> <!-- testDifference -->
        <test-method is-config="true" signature="beforeMethod()[pri:0, instance:Lab3Test@2f8dad04]" started-at="2021-10-15T13:55:36 IST" name="beforeMethod" finished-at="2021-10-15T13:55:36 IST" duration-ms="1" status="PASS">
          <reporter-output>
          </reporter-output>
        </test-method> <!-- beforeMethod -->
        <test-method signature="testDifference(int,int,int)[pri:0, instance:Lab3Test@2f8dad04]" started-at="2021-10-15T13:55:36 IST" name="testDifference" data-provider="CalcDiff" finished-at="2021-10-15T13:55:36 IST" duration-ms="0" status="PASS">
          <params>
            <param index="0">
              <value>
                <![CDATA[2]]>
              </value>
            </param>
            <param index="1">
              <value>
                <![CDATA[10]]>
              </value>
            </param>
            <param index="2">
              <value>
                <![CDATA[4]]>
              </value>
            </param>
          </params>
          <reporter-output>
          </reporter-output>
        </test-method> <!-- testDifference -->
        <test-method is-config="true" signature="beforeMethod()[pri:0, instance:Lab3Test@2f8dad04]" started-at="2021-10-15T13:55:36 IST" name="beforeMethod" finished-at="2021-10-15T13:55:36 IST" duration-ms="0" status="PASS">
          <reporter-output>
          </reporter-output>
        </test-method> <!-- beforeMethod -->
        <test-method signature="testDifference(int,int,int)[pri:0, instance:Lab3Test@2f8dad04]" started-at="2021-10-15T13:55:36 IST" name="testDifference" data-provider="CalcDiff" finished-at="2021-10-15T13:55:36 IST" duration-ms="1" status="PASS">
          <params>
            <param index="0">
              <value>
                <![CDATA[3]]>
              </value>
            </param>
            <param index="1">
              <value>
                <![CDATA[2]]>
              </value>
            </param>
            <param index="2">
              <value>
                <![CDATA[1]]>
              </value>
            </param>
          </params>
          <reporter-output>
          </reporter-output>
        </test-method> <!-- testDifference -->
        <test-method signature="testDifference(int,int,int)[pri:0, instance:Lab3Test@2f8dad04]" started-at="2021-10-15T13:55:36 IST" name="testDifference" data-provider="CalcDiff" finished-at="2021-10-15T13:55:36 IST" duration-ms="1" status="PASS">
          <params>
            <param index="0">
              <value>
                <![CDATA[4]]>
              </value>
            </param>
            <param index="1">
              <value>
                <![CDATA[1000]]>
              </value>
            </param>
            <param index="2">
              <value>
                <![CDATA[12]]>
              </value>
            </param>
          </params>
          <reporter-output>
          </reporter-output>
        </test-method> <!-- testDifference -->
        <test-method is-config="true" signature="beforeMethod()[pri:0, instance:Lab3Test@2f8dad04]" started-at="2021-10-15T13:55:36 IST" name="beforeMethod" finished-at="2021-10-15T13:55:36 IST" duration-ms="0" status="PASS">
          <reporter-output>
          </reporter-output>
        </test-method> <!-- beforeMethod -->
        <test-method is-config="true" signature="beforeMethod()[pri:0, instance:Lab3Test@2f8dad04]" started-at="2021-10-15T13:55:36 IST" name="beforeMethod" finished-at="2021-10-15T13:55:36 IST" duration-ms="0" status="PASS">
          <reporter-output>
          </reporter-output>
        </test-method> <!-- beforeMethod -->
        <test-method signature="testNotPrime(int,int,int,int)[pri:0, instance:Lab3Test@2f8dad04]" started-at="2021-10-15T13:55:36 IST" name="testNotPrime" data-provider="notPrime" finished-at="2021-10-15T13:55:36 IST" duration-ms="1" status="PASS">
          <params>
            <param index="0">
              <value>
                <![CDATA[1]]>
              </value>
            </param>
            <param index="1">
              <value>
                <![CDATA[6]]>
              </value>
            </param>
            <param index="2">
              <value>
                <![CDATA[5]]>
              </value>
            </param>
            <param index="3">
              <value>
                <![CDATA[7]]>
              </value>
            </param>
          </params>
          <reporter-output>
          </reporter-output>
        </test-method> <!-- testNotPrime -->
        <test-method is-config="true" signature="beforeMethod()[pri:0, instance:Lab3Test@2f8dad04]" started-at="2021-10-15T13:55:36 IST" name="beforeMethod" finished-at="2021-10-15T13:55:36 IST" duration-ms="1" status="PASS">
          <reporter-output>
          </reporter-output>
        </test-method> <!-- beforeMethod -->
        <test-method signature="testNotPrime(int,int,int,int)[pri:0, instance:Lab3Test@2f8dad04]" started-at="2021-10-15T13:55:36 IST" name="testNotPrime" data-provider="notPrime" finished-at="2021-10-15T13:55:36 IST" duration-ms="0" status="PASS">
          <params>
            <param index="0">
              <value>
                <![CDATA[2]]>
              </value>
            </param>
            <param index="1">
              <value>
                <![CDATA[9]]>
              </value>
            </param>
            <param index="2">
              <value>
                <![CDATA[7]]>
              </value>
            </param>
            <param index="3">
              <value>
                <![CDATA[11]]>
              </value>
            </param>
          </params>
          <reporter-output>
          </reporter-output>
        </test-method> <!-- testNotPrime -->
        <test-method is-config="true" signature="beforeMethod()[pri:0, instance:Lab3Test@2f8dad04]" started-at="2021-10-15T13:55:36 IST" name="beforeMethod" finished-at="2021-10-15T13:55:36 IST" duration-ms="1" status="PASS">
          <reporter-output>
          </reporter-output>
        </test-method> <!-- beforeMethod -->
        <test-method signature="testNotPrime(int,int,int,int)[pri:0, instance:Lab3Test@2f8dad04]" started-at="2021-10-15T13:55:36 IST" name="testNotPrime" data-provider="notPrime" finished-at="2021-10-15T13:55:36 IST" duration-ms="1" status="PASS">
          <params>
            <param index="0">
              <value>
                <![CDATA[3]]>
              </value>
            </param>
            <param index="1">
              <value>
                <![CDATA[4]]>
              </value>
            </param>
            <param index="2">
              <value>
                <![CDATA[3]]>
              </value>
            </param>
            <param index="3">
              <value>
                <![CDATA[5]]>
              </value>
            </param>
          </params>
          <reporter-output>
          </reporter-output>
        </test-method> <!-- testNotPrime -->
        <test-method is-config="true" signature="beforeMethod()[pri:0, instance:Lab3Test@2f8dad04]" started-at="2021-10-15T13:55:36 IST" name="beforeMethod" finished-at="2021-10-15T13:55:36 IST" duration-ms="0" status="PASS">
          <reporter-output>
          </reporter-output>
        </test-method> <!-- beforeMethod -->
        <test-method signature="testNotPrime(int,int,int,int)[pri:0, instance:Lab3Test@2f8dad04]" started-at="2021-10-15T13:55:36 IST" name="testNotPrime" data-provider="notPrime" finished-at="2021-10-15T13:55:36 IST" duration-ms="1" status="PASS">
          <params>
            <param index="0">
              <value>
                <![CDATA[4]]>
              </value>
            </param>
            <param index="1">
              <value>
                <![CDATA[1000]]>
              </value>
            </param>
            <param index="2">
              <value>
                <![CDATA[997]]>
              </value>
            </param>
            <param index="3">
              <value>
                <![CDATA[1009]]>
              </value>
            </param>
          </params>
          <reporter-output>
          </reporter-output>
        </test-method> <!-- testNotPrime -->
        <test-method is-config="true" signature="beforeMethod()[pri:0, instance:Lab3Test@2f8dad04]" started-at="2021-10-15T13:55:36 IST" name="beforeMethod" finished-at="2021-10-15T13:55:36 IST" duration-ms="0" status="PASS">
          <reporter-output>
          </reporter-output>
        </test-method> <!-- beforeMethod -->
        <test-method signature="testPrime(int,int,int)[pri:0, instance:Lab3Test@2f8dad04]" started-at="2021-10-15T13:55:36 IST" name="testPrime" data-provider="Prime" finished-at="2021-10-15T13:55:36 IST" duration-ms="0" status="PASS">
          <params>
            <param index="0">
              <value>
                <![CDATA[1]]>
              </value>
            </param>
            <param index="1">
              <value>
                <![CDATA[7]]>
              </value>
            </param>
            <param index="2">
              <value>
                <![CDATA[11]]>
              </value>
            </param>
          </params>
          <reporter-output>
          </reporter-output>
        </test-method> <!-- testPrime -->
        <test-method signature="testPrime(int,int,int)[pri:0, instance:Lab3Test@2f8dad04]" started-at="2021-10-15T13:55:36 IST" name="testPrime" data-provider="Prime" finished-at="2021-10-15T13:55:36 IST" duration-ms="1" status="PASS">
          <params>
            <param index="0">
              <value>
                <![CDATA[2]]>
              </value>
            </param>
            <param index="1">
              <value>
                <![CDATA[11]]>
              </value>
            </param>
            <param index="2">
              <value>
                <![CDATA[13]]>
              </value>
            </param>
          </params>
          <reporter-output>
          </reporter-output>
        </test-method> <!-- testPrime -->
        <test-method is-config="true" signature="beforeMethod()[pri:0, instance:Lab3Test@2f8dad04]" started-at="2021-10-15T13:55:36 IST" name="beforeMethod" finished-at="2021-10-15T13:55:36 IST" duration-ms="0" status="PASS">
          <reporter-output>
          </reporter-output>
        </test-method> <!-- beforeMethod -->
        <test-method signature="testPrime(int,int,int)[pri:0, instance:Lab3Test@2f8dad04]" started-at="2021-10-15T13:55:36 IST" name="testPrime" data-provider="Prime" finished-at="2021-10-15T13:55:36 IST" duration-ms="1" status="PASS">
          <params>
            <param index="0">
              <value>
                <![CDATA[3]]>
              </value>
            </param>
            <param index="1">
              <value>
                <![CDATA[997]]>
              </value>
            </param>
            <param index="2">
              <value>
                <![CDATA[1009]]>
              </value>
            </param>
          </params>
          <reporter-output>
          </reporter-output>
        </test-method> <!-- testPrime -->
        <test-method is-config="true" signature="beforeMethod()[pri:0, instance:Lab3Test@2f8dad04]" started-at="2021-10-15T13:55:36 IST" name="beforeMethod" finished-at="2021-10-15T13:55:36 IST" duration-ms="0" status="PASS">
          <reporter-output>
          </reporter-output>
        </test-method> <!-- beforeMethod -->
        <test-method signature="testPrime(int,int,int)[pri:0, instance:Lab3Test@2f8dad04]" started-at="2021-10-15T13:55:36 IST" name="testPrime" data-provider="Prime" finished-at="2021-10-15T13:55:36 IST" duration-ms="1" status="PASS">
          <params>
            <param index="0">
              <value>
                <![CDATA[4]]>
              </value>
            </param>
            <param index="1">
              <value>
                <![CDATA[2]]>
              </value>
            </param>
            <param index="2">
              <value>
                <![CDATA[3]]>
              </value>
            </param>
          </params>
          <reporter-output>
          </reporter-output>
        </test-method> <!-- testPrime -->
        <test-method is-config="true" signature="beforeMethod()[pri:0, instance:Lab3Test@2f8dad04]" started-at="2021-10-15T13:55:36 IST" name="beforeMethod" finished-at="2021-10-15T13:55:36 IST" duration-ms="0" status="PASS">
          <reporter-output>
          </reporter-output>
        </test-method> <!-- beforeMethod -->
      </class> <!-- Lab3Test -->
    </test> <!-- Default test -->
  </suite> <!-- Default suite -->
</testng-results>
